{"/home/achmad/Documents/Dicodings Project/Back-End Dev/Menjadi Back-End Developer Expert dengan Javascript/forum-api-starter-project/src/Applications/security/AuthenticationTokenManager.js": {"path":"/home/achmad/Documents/Dicodings Project/Back-End Dev/Menjadi Back-End Developer Expert dengan Javascript/forum-api-starter-project/src/Applications/security/AuthenticationTokenManager.js","statementMap":{"0":{"start":{"line":3,"column":4},"end":{"line":3,"column":75}},"1":{"start":{"line":7,"column":4},"end":{"line":7,"column":75}},"2":{"start":{"line":11,"column":4},"end":{"line":11,"column":75}},"3":{"start":{"line":15,"column":4},"end":{"line":15,"column":75}},"4":{"start":{"line":19,"column":0},"end":{"line":19,"column":44}}},"fnMap":{"0":{"name":"(anonymous_0)","decl":{"start":{"line":2,"column":2},"end":{"line":2,"column":3}},"loc":{"start":{"line":2,"column":36},"end":{"line":4,"column":3}},"line":2},"1":{"name":"(anonymous_1)","decl":{"start":{"line":6,"column":2},"end":{"line":6,"column":3}},"loc":{"start":{"line":6,"column":35},"end":{"line":8,"column":3}},"line":6},"2":{"name":"(anonymous_2)","decl":{"start":{"line":10,"column":2},"end":{"line":10,"column":3}},"loc":{"start":{"line":10,"column":34},"end":{"line":12,"column":3}},"line":10},"3":{"name":"(anonymous_3)","decl":{"start":{"line":14,"column":2},"end":{"line":14,"column":3}},"loc":{"start":{"line":14,"column":24},"end":{"line":16,"column":3}},"line":14}},"branchMap":{},"s":{"0":1,"1":1,"2":1,"3":1,"4":6},"f":{"0":1,"1":1,"2":1,"3":1},"b":{},"_coverageSchema":"1a1c01bbd47fc00a2c39e90264f33305004495a9","hash":"7cc01d4b0676a8f860c8e3c789ce6a21ce024a0c"}
,"/home/achmad/Documents/Dicodings Project/Back-End Dev/Menjadi Back-End Developer Expert dengan Javascript/forum-api-starter-project/src/Applications/security/PasswordHash.js": {"path":"/home/achmad/Documents/Dicodings Project/Back-End Dev/Menjadi Back-End Developer Expert dengan Javascript/forum-api-starter-project/src/Applications/security/PasswordHash.js","statementMap":{"0":{"start":{"line":3,"column":4},"end":{"line":3,"column":60}},"1":{"start":{"line":7,"column":4},"end":{"line":7,"column":60}},"2":{"start":{"line":11,"column":0},"end":{"line":11,"column":30}}},"fnMap":{"0":{"name":"(anonymous_0)","decl":{"start":{"line":2,"column":2},"end":{"line":2,"column":3}},"loc":{"start":{"line":2,"column":23},"end":{"line":4,"column":3}},"line":2},"1":{"name":"(anonymous_1)","decl":{"start":{"line":6,"column":2},"end":{"line":6,"column":3}},"loc":{"start":{"line":6,"column":42},"end":{"line":8,"column":3}},"line":6}},"branchMap":{},"s":{"0":1,"1":1,"2":6},"f":{"0":1,"1":1},"b":{},"_coverageSchema":"1a1c01bbd47fc00a2c39e90264f33305004495a9","hash":"5a3d8aa5134dcf759c3dda5a628cb141dba68d61"}
,"/home/achmad/Documents/Dicodings Project/Back-End Dev/Menjadi Back-End Developer Expert dengan Javascript/forum-api-starter-project/src/Applications/use_case/AddThreadUseCase.js": {"path":"/home/achmad/Documents/Dicodings Project/Back-End Dev/Menjadi Back-End Developer Expert dengan Javascript/forum-api-starter-project/src/Applications/use_case/AddThreadUseCase.js","statementMap":{"0":{"start":{"line":1,"column":18},"end":{"line":1,"column":69}},"1":{"start":{"line":5,"column":2},"end":{"line":5,"column":44}},"2":{"start":{"line":9,"column":20},"end":{"line":9,"column":49}},"3":{"start":{"line":10,"column":17},"end":{"line":10,"column":66}},"4":{"start":{"line":11,"column":2},"end":{"line":11,"column":16}},"5":{"start":{"line":15,"column":0},"end":{"line":15,"column":34}}},"fnMap":{"0":{"name":"(anonymous_0)","decl":{"start":{"line":4,"column":1},"end":{"line":4,"column":2}},"loc":{"start":{"line":4,"column":35},"end":{"line":6,"column":2}},"line":4},"1":{"name":"(anonymous_1)","decl":{"start":{"line":8,"column":1},"end":{"line":8,"column":2}},"loc":{"start":{"line":8,"column":31},"end":{"line":12,"column":2}},"line":8}},"branchMap":{},"s":{"0":3,"1":0,"2":0,"3":0,"4":0,"5":3},"f":{"0":0,"1":0},"b":{},"_coverageSchema":"1a1c01bbd47fc00a2c39e90264f33305004495a9","hash":"2078618bc93d002a4f772d6b804ad7432fcc668f"}
,"/home/achmad/Documents/Dicodings Project/Back-End Dev/Menjadi Back-End Developer Expert dengan Javascript/forum-api-starter-project/src/Applications/use_case/AddUserUseCase.js": {"path":"/home/achmad/Documents/Dicodings Project/Back-End Dev/Menjadi Back-End Developer Expert dengan Javascript/forum-api-starter-project/src/Applications/use_case/AddUserUseCase.js","statementMap":{"0":{"start":{"line":1,"column":21},"end":{"line":1,"column":73}},"1":{"start":{"line":5,"column":4},"end":{"line":5,"column":42}},"2":{"start":{"line":6,"column":4},"end":{"line":6,"column":38}},"3":{"start":{"line":10,"column":25},"end":{"line":10,"column":57}},"4":{"start":{"line":11,"column":4},"end":{"line":11,"column":78}},"5":{"start":{"line":12,"column":4},"end":{"line":12,"column":81}},"6":{"start":{"line":13,"column":4},"end":{"line":13,"column":54}},"7":{"start":{"line":17,"column":0},"end":{"line":17,"column":32}}},"fnMap":{"0":{"name":"(anonymous_0)","decl":{"start":{"line":4,"column":2},"end":{"line":4,"column":3}},"loc":{"start":{"line":4,"column":48},"end":{"line":7,"column":3}},"line":4},"1":{"name":"(anonymous_1)","decl":{"start":{"line":9,"column":2},"end":{"line":9,"column":3}},"loc":{"start":{"line":9,"column":32},"end":{"line":14,"column":3}},"line":9}},"branchMap":{},"s":{"0":4,"1":3,"2":3,"3":9,"4":5,"5":1,"6":1,"7":4},"f":{"0":3,"1":9},"b":{},"_coverageSchema":"1a1c01bbd47fc00a2c39e90264f33305004495a9","hash":"3ab20909bb65dbd7a595b8d5d428b9c052b114d8"}
,"/home/achmad/Documents/Dicodings Project/Back-End Dev/Menjadi Back-End Developer Expert dengan Javascript/forum-api-starter-project/src/Applications/use_case/DeleteAuthenticationUseCase.js": {"path":"/home/achmad/Documents/Dicodings Project/Back-End Dev/Menjadi Back-End Developer Expert dengan Javascript/forum-api-starter-project/src/Applications/use_case/DeleteAuthenticationUseCase.js","statementMap":{"0":{"start":{"line":5,"column":4},"end":{"line":5,"column":62}},"1":{"start":{"line":9,"column":4},"end":{"line":9,"column":42}},"2":{"start":{"line":10,"column":29},"end":{"line":10,"column":43}},"3":{"start":{"line":11,"column":4},"end":{"line":11,"column":78}},"4":{"start":{"line":12,"column":4},"end":{"line":12,"column":67}},"5":{"start":{"line":16,"column":29},"end":{"line":16,"column":36}},"6":{"start":{"line":17,"column":4},"end":{"line":19,"column":5}},"7":{"start":{"line":18,"column":6},"end":{"line":18,"column":82}},"8":{"start":{"line":21,"column":4},"end":{"line":23,"column":5}},"9":{"start":{"line":22,"column":6},"end":{"line":22,"column":97}},"10":{"start":{"line":27,"column":0},"end":{"line":27,"column":45}}},"fnMap":{"0":{"name":"(anonymous_0)","decl":{"start":{"line":2,"column":2},"end":{"line":2,"column":3}},"loc":{"start":{"line":4,"column":5},"end":{"line":6,"column":3}},"line":4},"1":{"name":"(anonymous_1)","decl":{"start":{"line":8,"column":2},"end":{"line":8,"column":3}},"loc":{"start":{"line":8,"column":32},"end":{"line":13,"column":3}},"line":8},"2":{"name":"(anonymous_2)","decl":{"start":{"line":15,"column":2},"end":{"line":15,"column":3}},"loc":{"start":{"line":15,"column":28},"end":{"line":24,"column":3}},"line":15}},"branchMap":{"0":{"loc":{"start":{"line":17,"column":4},"end":{"line":19,"column":5}},"type":"if","locations":[{"start":{"line":17,"column":4},"end":{"line":19,"column":5}},{"start":{},"end":{}}],"line":17},"1":{"loc":{"start":{"line":21,"column":4},"end":{"line":23,"column":5}},"type":"if","locations":[{"start":{"line":21,"column":4},"end":{"line":23,"column":5}},{"start":{},"end":{}}],"line":21}},"s":{"0":3,"1":3,"2":1,"3":1,"4":1,"5":3,"6":3,"7":1,"8":2,"9":1,"10":1},"f":{"0":3,"1":3,"2":3},"b":{"0":[1,2],"1":[1,1]},"_coverageSchema":"1a1c01bbd47fc00a2c39e90264f33305004495a9","hash":"b3070e4ad18cbdfb5df6638d088c5d4dd16977ae"}
,"/home/achmad/Documents/Dicodings Project/Back-End Dev/Menjadi Back-End Developer Expert dengan Javascript/forum-api-starter-project/src/Applications/use_case/LoginUserUseCase.js": {"path":"/home/achmad/Documents/Dicodings Project/Back-End Dev/Menjadi Back-End Developer Expert dengan Javascript/forum-api-starter-project/src/Applications/use_case/LoginUserUseCase.js","statementMap":{"0":{"start":{"line":1,"column":18},"end":{"line":1,"column":67}},"1":{"start":{"line":2,"column":26},"end":{"line":2,"column":83}},"2":{"start":{"line":11,"column":4},"end":{"line":11,"column":42}},"3":{"start":{"line":12,"column":4},"end":{"line":12,"column":62}},"4":{"start":{"line":13,"column":4},"end":{"line":13,"column":66}},"5":{"start":{"line":14,"column":4},"end":{"line":14,"column":38}},"6":{"start":{"line":18,"column":35},"end":{"line":18,"column":64}},"7":{"start":{"line":20,"column":30},"end":{"line":20,"column":88}},"8":{"start":{"line":22,"column":4},"end":{"line":22,"column":74}},"9":{"start":{"line":24,"column":15},"end":{"line":24,"column":67}},"10":{"start":{"line":26,"column":24},"end":{"line":27,"column":42}},"11":{"start":{"line":28,"column":25},"end":{"line":29,"column":43}},"12":{"start":{"line":31,"column":30},"end":{"line":34,"column":6}},"13":{"start":{"line":36,"column":4},"end":{"line":36,"column":82}},"14":{"start":{"line":38,"column":4},"end":{"line":38,"column":29}},"15":{"start":{"line":42,"column":0},"end":{"line":42,"column":34}}},"fnMap":{"0":{"name":"(anonymous_0)","decl":{"start":{"line":5,"column":2},"end":{"line":5,"column":3}},"loc":{"start":{"line":10,"column":5},"end":{"line":15,"column":3}},"line":10},"1":{"name":"(anonymous_1)","decl":{"start":{"line":17,"column":2},"end":{"line":17,"column":3}},"loc":{"start":{"line":17,"column":32},"end":{"line":39,"column":3}},"line":17}},"branchMap":{},"s":{"0":4,"1":4,"2":2,"3":2,"4":2,"5":2,"6":7,"7":5,"8":1,"9":1,"10":1,"11":1,"12":1,"13":1,"14":1,"15":4},"f":{"0":2,"1":7},"b":{},"_coverageSchema":"1a1c01bbd47fc00a2c39e90264f33305004495a9","hash":"395cf643688c9d3ec2d2c8092c3c2685baa9823f"}
,"/home/achmad/Documents/Dicodings Project/Back-End Dev/Menjadi Back-End Developer Expert dengan Javascript/forum-api-starter-project/src/Applications/use_case/LogoutUserUseCase.js": {"path":"/home/achmad/Documents/Dicodings Project/Back-End Dev/Menjadi Back-End Developer Expert dengan Javascript/forum-api-starter-project/src/Applications/use_case/LogoutUserUseCase.js","statementMap":{"0":{"start":{"line":5,"column":4},"end":{"line":5,"column":62}},"1":{"start":{"line":9,"column":4},"end":{"line":9,"column":42}},"2":{"start":{"line":10,"column":29},"end":{"line":10,"column":43}},"3":{"start":{"line":11,"column":4},"end":{"line":11,"column":78}},"4":{"start":{"line":12,"column":4},"end":{"line":12,"column":67}},"5":{"start":{"line":16,"column":29},"end":{"line":16,"column":36}},"6":{"start":{"line":17,"column":4},"end":{"line":19,"column":5}},"7":{"start":{"line":18,"column":6},"end":{"line":18,"column":82}},"8":{"start":{"line":21,"column":4},"end":{"line":23,"column":5}},"9":{"start":{"line":22,"column":6},"end":{"line":22,"column":97}},"10":{"start":{"line":27,"column":0},"end":{"line":27,"column":35}}},"fnMap":{"0":{"name":"(anonymous_0)","decl":{"start":{"line":2,"column":2},"end":{"line":2,"column":3}},"loc":{"start":{"line":4,"column":5},"end":{"line":6,"column":3}},"line":4},"1":{"name":"(anonymous_1)","decl":{"start":{"line":8,"column":2},"end":{"line":8,"column":3}},"loc":{"start":{"line":8,"column":32},"end":{"line":13,"column":3}},"line":8},"2":{"name":"(anonymous_2)","decl":{"start":{"line":15,"column":2},"end":{"line":15,"column":3}},"loc":{"start":{"line":15,"column":28},"end":{"line":24,"column":3}},"line":15}},"branchMap":{"0":{"loc":{"start":{"line":17,"column":4},"end":{"line":19,"column":5}},"type":"if","locations":[{"start":{"line":17,"column":4},"end":{"line":19,"column":5}},{"start":{},"end":{}}],"line":17},"1":{"loc":{"start":{"line":21,"column":4},"end":{"line":23,"column":5}},"type":"if","locations":[{"start":{"line":21,"column":4},"end":{"line":23,"column":5}},{"start":{},"end":{}}],"line":21}},"s":{"0":4,"1":6,"2":2,"3":2,"4":1,"5":6,"6":6,"7":2,"8":4,"9":2,"10":4},"f":{"0":4,"1":6,"2":6},"b":{"0":[2,4],"1":[2,2]},"_coverageSchema":"1a1c01bbd47fc00a2c39e90264f33305004495a9","hash":"671476c6605d3e4f3c83b50195c036b7d3c21c62"}
,"/home/achmad/Documents/Dicodings Project/Back-End Dev/Menjadi Back-End Developer Expert dengan Javascript/forum-api-starter-project/src/Applications/use_case/RefreshAuthenticationUseCase.js": {"path":"/home/achmad/Documents/Dicodings Project/Back-End Dev/Menjadi Back-End Developer Expert dengan Javascript/forum-api-starter-project/src/Applications/use_case/RefreshAuthenticationUseCase.js","statementMap":{"0":{"start":{"line":6,"column":4},"end":{"line":6,"column":62}},"1":{"start":{"line":7,"column":4},"end":{"line":7,"column":66}},"2":{"start":{"line":11,"column":4},"end":{"line":11,"column":40}},"3":{"start":{"line":12,"column":29},"end":{"line":12,"column":43}},"4":{"start":{"line":14,"column":4},"end":{"line":14,"column":76}},"5":{"start":{"line":15,"column":4},"end":{"line":15,"column":78}},"6":{"start":{"line":17,"column":29},"end":{"line":17,"column":95}},"7":{"start":{"line":19,"column":4},"end":{"line":19,"column":80}},"8":{"start":{"line":23,"column":29},"end":{"line":23,"column":36}},"9":{"start":{"line":25,"column":4},"end":{"line":27,"column":5}},"10":{"start":{"line":26,"column":6},"end":{"line":26,"column":83}},"11":{"start":{"line":29,"column":4},"end":{"line":31,"column":5}},"12":{"start":{"line":30,"column":6},"end":{"line":30,"column":98}},"13":{"start":{"line":35,"column":0},"end":{"line":35,"column":46}}},"fnMap":{"0":{"name":"(anonymous_0)","decl":{"start":{"line":2,"column":2},"end":{"line":2,"column":3}},"loc":{"start":{"line":5,"column":5},"end":{"line":8,"column":3}},"line":5},"1":{"name":"(anonymous_1)","decl":{"start":{"line":10,"column":2},"end":{"line":10,"column":3}},"loc":{"start":{"line":10,"column":32},"end":{"line":20,"column":3}},"line":10},"2":{"name":"(anonymous_2)","decl":{"start":{"line":22,"column":2},"end":{"line":22,"column":3}},"loc":{"start":{"line":22,"column":26},"end":{"line":32,"column":3}},"line":22}},"branchMap":{"0":{"loc":{"start":{"line":25,"column":4},"end":{"line":27,"column":5}},"type":"if","locations":[{"start":{"line":25,"column":4},"end":{"line":27,"column":5}},{"start":{},"end":{}}],"line":25},"1":{"loc":{"start":{"line":29,"column":4},"end":{"line":31,"column":5}},"type":"if","locations":[{"start":{"line":29,"column":4},"end":{"line":31,"column":5}},{"start":{},"end":{}}],"line":29}},"s":{"0":4,"1":4,"2":7,"3":3,"4":3,"5":2,"6":1,"7":1,"8":7,"9":7,"10":2,"11":5,"12":2,"13":4},"f":{"0":4,"1":7,"2":7},"b":{"0":[2,5],"1":[2,3]},"_coverageSchema":"1a1c01bbd47fc00a2c39e90264f33305004495a9","hash":"ca0a6606bccd21e4db2f4a7a5b1c8bbe0bde1af0"}
,"/home/achmad/Documents/Dicodings Project/Back-End Dev/Menjadi Back-End Developer Expert dengan Javascript/forum-api-starter-project/src/Commons/exceptions/AuthenticationError.js": {"path":"/home/achmad/Documents/Dicodings Project/Back-End Dev/Menjadi Back-End Developer Expert dengan Javascript/forum-api-starter-project/src/Commons/exceptions/AuthenticationError.js","statementMap":{"0":{"start":{"line":1,"column":20},"end":{"line":1,"column":44}},"1":{"start":{"line":5,"column":4},"end":{"line":5,"column":24}},"2":{"start":{"line":6,"column":4},"end":{"line":6,"column":38}},"3":{"start":{"line":10,"column":0},"end":{"line":10,"column":37}}},"fnMap":{"0":{"name":"(anonymous_0)","decl":{"start":{"line":4,"column":2},"end":{"line":4,"column":3}},"loc":{"start":{"line":4,"column":23},"end":{"line":7,"column":3}},"line":4}},"branchMap":{},"s":{"0":4,"1":2,"2":2,"3":4},"f":{"0":2},"b":{},"_coverageSchema":"1a1c01bbd47fc00a2c39e90264f33305004495a9","hash":"c01f3b7e71a31344956d8ba325c57d6f545024f8"}
,"/home/achmad/Documents/Dicodings Project/Back-End Dev/Menjadi Back-End Developer Expert dengan Javascript/forum-api-starter-project/src/Commons/exceptions/AuthorizationError.js": {"path":"/home/achmad/Documents/Dicodings Project/Back-End Dev/Menjadi Back-End Developer Expert dengan Javascript/forum-api-starter-project/src/Commons/exceptions/AuthorizationError.js","statementMap":{"0":{"start":{"line":1,"column":20},"end":{"line":1,"column":44}},"1":{"start":{"line":5,"column":4},"end":{"line":5,"column":24}},"2":{"start":{"line":6,"column":4},"end":{"line":6,"column":37}},"3":{"start":{"line":10,"column":0},"end":{"line":10,"column":36}}},"fnMap":{"0":{"name":"(anonymous_0)","decl":{"start":{"line":4,"column":2},"end":{"line":4,"column":3}},"loc":{"start":{"line":4,"column":23},"end":{"line":7,"column":3}},"line":4}},"branchMap":{},"s":{"0":1,"1":1,"2":1,"3":1},"f":{"0":1},"b":{},"_coverageSchema":"1a1c01bbd47fc00a2c39e90264f33305004495a9","hash":"2cb477e383d809976e4578729bc469b63938202c"}
,"/home/achmad/Documents/Dicodings Project/Back-End Dev/Menjadi Back-End Developer Expert dengan Javascript/forum-api-starter-project/src/Commons/exceptions/ClientError.js": {"path":"/home/achmad/Documents/Dicodings Project/Back-End Dev/Menjadi Back-End Developer Expert dengan Javascript/forum-api-starter-project/src/Commons/exceptions/ClientError.js","statementMap":{"0":{"start":{"line":3,"column":4},"end":{"line":3,"column":19}},"1":{"start":{"line":5,"column":4},"end":{"line":7,"column":5}},"2":{"start":{"line":6,"column":6},"end":{"line":6,"column":59}},"3":{"start":{"line":9,"column":4},"end":{"line":9,"column":33}},"4":{"start":{"line":10,"column":4},"end":{"line":10,"column":30}},"5":{"start":{"line":14,"column":0},"end":{"line":14,"column":29}}},"fnMap":{"0":{"name":"(anonymous_0)","decl":{"start":{"line":2,"column":2},"end":{"line":2,"column":3}},"loc":{"start":{"line":2,"column":41},"end":{"line":11,"column":3}},"line":2}},"branchMap":{"0":{"loc":{"start":{"line":2,"column":23},"end":{"line":2,"column":39}},"type":"default-arg","locations":[{"start":{"line":2,"column":36},"end":{"line":2,"column":39}}],"line":2},"1":{"loc":{"start":{"line":5,"column":4},"end":{"line":7,"column":5}},"type":"if","locations":[{"start":{"line":5,"column":4},"end":{"line":7,"column":5}},{"start":{},"end":{}}],"line":5}},"s":{"0":72,"1":72,"2":1,"3":71,"4":71,"5":13},"f":{"0":72},"b":{"0":[68],"1":[1,71]},"_coverageSchema":"1a1c01bbd47fc00a2c39e90264f33305004495a9","hash":"f6b81e12551a60738899cd46ca7675cc4dc94103"}
,"/home/achmad/Documents/Dicodings Project/Back-End Dev/Menjadi Back-End Developer Expert dengan Javascript/forum-api-starter-project/src/Commons/exceptions/DomainErrorTranslator.js": {"path":"/home/achmad/Documents/Dicodings Project/Back-End Dev/Menjadi Back-End Developer Expert dengan Javascript/forum-api-starter-project/src/Commons/exceptions/DomainErrorTranslator.js","statementMap":{"0":{"start":{"line":1,"column":23},"end":{"line":1,"column":50}},"1":{"start":{"line":3,"column":30},"end":{"line":7,"column":1}},"2":{"start":{"line":5,"column":2},"end":{"line":5,"column":68}},"3":{"start":{"line":9,"column":0},"end":{"line":52,"column":2}},"4":{"start":{"line":54,"column":0},"end":{"line":54,"column":39}}},"fnMap":{"0":{"name":"(anonymous_0)","decl":{"start":{"line":4,"column":1},"end":{"line":4,"column":2}},"loc":{"start":{"line":4,"column":18},"end":{"line":6,"column":2}},"line":4}},"branchMap":{"0":{"loc":{"start":{"line":5,"column":9},"end":{"line":5,"column":67}},"type":"binary-expr","locations":[{"start":{"line":5,"column":9},"end":{"line":5,"column":58}},{"start":{"line":5,"column":62},"end":{"line":5,"column":67}}],"line":5}},"s":{"0":4,"1":4,"2":28,"3":4,"4":4},"f":{"0":28},"b":{"0":[28,14]},"_coverageSchema":"1a1c01bbd47fc00a2c39e90264f33305004495a9","hash":"e3f16047e182a87739538e2ce87d178e38de194a"}
,"/home/achmad/Documents/Dicodings Project/Back-End Dev/Menjadi Back-End Developer Expert dengan Javascript/forum-api-starter-project/src/Commons/exceptions/InvariantError.js": {"path":"/home/achmad/Documents/Dicodings Project/Back-End Dev/Menjadi Back-End Developer Expert dengan Javascript/forum-api-starter-project/src/Commons/exceptions/InvariantError.js","statementMap":{"0":{"start":{"line":1,"column":20},"end":{"line":1,"column":44}},"1":{"start":{"line":5,"column":4},"end":{"line":5,"column":19}},"2":{"start":{"line":6,"column":4},"end":{"line":6,"column":33}},"3":{"start":{"line":10,"column":0},"end":{"line":10,"column":32}}},"fnMap":{"0":{"name":"(anonymous_0)","decl":{"start":{"line":4,"column":2},"end":{"line":4,"column":3}},"loc":{"start":{"line":4,"column":23},"end":{"line":7,"column":3}},"line":4}},"branchMap":{},"s":{"0":8,"1":67,"2":67,"3":8},"f":{"0":67},"b":{},"_coverageSchema":"1a1c01bbd47fc00a2c39e90264f33305004495a9","hash":"c3fdf4167f833c0d8a4f45810d8645281274afcd"}
,"/home/achmad/Documents/Dicodings Project/Back-End Dev/Menjadi Back-End Developer Expert dengan Javascript/forum-api-starter-project/src/Commons/exceptions/NotFoundError.js": {"path":"/home/achmad/Documents/Dicodings Project/Back-End Dev/Menjadi Back-End Developer Expert dengan Javascript/forum-api-starter-project/src/Commons/exceptions/NotFoundError.js","statementMap":{"0":{"start":{"line":1,"column":20},"end":{"line":1,"column":44}},"1":{"start":{"line":5,"column":4},"end":{"line":5,"column":24}},"2":{"start":{"line":6,"column":4},"end":{"line":6,"column":32}},"3":{"start":{"line":10,"column":0},"end":{"line":10,"column":31}}},"fnMap":{"0":{"name":"(anonymous_0)","decl":{"start":{"line":4,"column":2},"end":{"line":4,"column":3}},"loc":{"start":{"line":4,"column":23},"end":{"line":7,"column":3}},"line":4}},"branchMap":{},"s":{"0":3,"1":1,"2":1,"3":3},"f":{"0":1},"b":{},"_coverageSchema":"1a1c01bbd47fc00a2c39e90264f33305004495a9","hash":"52c5d7e7ef3ccb5cd81f6f1ef52362f839f87e81"}
,"/home/achmad/Documents/Dicodings Project/Back-End Dev/Menjadi Back-End Developer Expert dengan Javascript/forum-api-starter-project/src/Domains/authentications/AuthenticationRepository.js": {"path":"/home/achmad/Documents/Dicodings Project/Back-End Dev/Menjadi Back-End Developer Expert dengan Javascript/forum-api-starter-project/src/Domains/authentications/AuthenticationRepository.js","statementMap":{"0":{"start":{"line":3,"column":4},"end":{"line":3,"column":72}},"1":{"start":{"line":7,"column":4},"end":{"line":7,"column":72}},"2":{"start":{"line":11,"column":4},"end":{"line":11,"column":72}},"3":{"start":{"line":15,"column":0},"end":{"line":15,"column":42}}},"fnMap":{"0":{"name":"(anonymous_0)","decl":{"start":{"line":2,"column":2},"end":{"line":2,"column":3}},"loc":{"start":{"line":2,"column":24},"end":{"line":4,"column":3}},"line":2},"1":{"name":"(anonymous_1)","decl":{"start":{"line":6,"column":2},"end":{"line":6,"column":3}},"loc":{"start":{"line":6,"column":38},"end":{"line":8,"column":3}},"line":6},"2":{"name":"(anonymous_2)","decl":{"start":{"line":10,"column":2},"end":{"line":10,"column":3}},"loc":{"start":{"line":10,"column":27},"end":{"line":12,"column":3}},"line":10}},"branchMap":{},"s":{"0":1,"1":1,"2":1,"3":8},"f":{"0":1,"1":1,"2":1},"b":{},"_coverageSchema":"1a1c01bbd47fc00a2c39e90264f33305004495a9","hash":"572523ef85e297c03d75cee66b8d936c06ed8631"}
,"/home/achmad/Documents/Dicodings Project/Back-End Dev/Menjadi Back-End Developer Expert dengan Javascript/forum-api-starter-project/src/Domains/authentications/entities/NewAuth.js": {"path":"/home/achmad/Documents/Dicodings Project/Back-End Dev/Menjadi Back-End Developer Expert dengan Javascript/forum-api-starter-project/src/Domains/authentications/entities/NewAuth.js","statementMap":{"0":{"start":{"line":3,"column":4},"end":{"line":3,"column":33}},"1":{"start":{"line":5,"column":4},"end":{"line":5,"column":43}},"2":{"start":{"line":6,"column":4},"end":{"line":6,"column":45}},"3":{"start":{"line":10,"column":42},"end":{"line":10,"column":49}},"4":{"start":{"line":12,"column":4},"end":{"line":14,"column":5}},"5":{"start":{"line":13,"column":6},"end":{"line":13,"column":62}},"6":{"start":{"line":16,"column":4},"end":{"line":18,"column":5}},"7":{"start":{"line":17,"column":6},"end":{"line":17,"column":67}},"8":{"start":{"line":22,"column":0},"end":{"line":22,"column":25}}},"fnMap":{"0":{"name":"(anonymous_0)","decl":{"start":{"line":2,"column":2},"end":{"line":2,"column":3}},"loc":{"start":{"line":2,"column":23},"end":{"line":7,"column":3}},"line":2},"1":{"name":"(anonymous_1)","decl":{"start":{"line":9,"column":2},"end":{"line":9,"column":3}},"loc":{"start":{"line":9,"column":26},"end":{"line":19,"column":3}},"line":9}},"branchMap":{"0":{"loc":{"start":{"line":12,"column":4},"end":{"line":14,"column":5}},"type":"if","locations":[{"start":{"line":12,"column":4},"end":{"line":14,"column":5}},{"start":{},"end":{}}],"line":12},"1":{"loc":{"start":{"line":12,"column":8},"end":{"line":12,"column":37}},"type":"binary-expr","locations":[{"start":{"line":12,"column":8},"end":{"line":12,"column":20}},{"start":{"line":12,"column":24},"end":{"line":12,"column":37}}],"line":12},"2":{"loc":{"start":{"line":16,"column":4},"end":{"line":18,"column":5}},"type":"if","locations":[{"start":{"line":16,"column":4},"end":{"line":18,"column":5}},{"start":{},"end":{}}],"line":16},"3":{"loc":{"start":{"line":16,"column":8},"end":{"line":16,"column":75}},"type":"binary-expr","locations":[{"start":{"line":16,"column":8},"end":{"line":16,"column":39}},{"start":{"line":16,"column":43},"end":{"line":16,"column":75}}],"line":16}},"s":{"0":6,"1":4,"2":4,"3":6,"4":6,"5":1,"6":5,"7":1,"8":5},"f":{"0":6,"1":6},"b":{"0":[1,5],"1":[6,6],"2":[1,4],"3":[5,5]},"_coverageSchema":"1a1c01bbd47fc00a2c39e90264f33305004495a9","hash":"37eee0d788274a1f41f7046da0a33446aad939dc"}
,"/home/achmad/Documents/Dicodings Project/Back-End Dev/Menjadi Back-End Developer Expert dengan Javascript/forum-api-starter-project/src/Domains/threads/ThreadRepository.js": {"path":"/home/achmad/Documents/Dicodings Project/Back-End Dev/Menjadi Back-End Developer Expert dengan Javascript/forum-api-starter-project/src/Domains/threads/ThreadRepository.js","statementMap":{"0":{"start":{"line":4,"column":2},"end":{"line":4,"column":62}},"1":{"start":{"line":8,"column":2},"end":{"line":8,"column":62}},"2":{"start":{"line":12,"column":2},"end":{"line":12,"column":62}},"3":{"start":{"line":16,"column":0},"end":{"line":16,"column":34}}},"fnMap":{"0":{"name":"(anonymous_0)","decl":{"start":{"line":3,"column":1},"end":{"line":3,"column":2}},"loc":{"start":{"line":3,"column":28},"end":{"line":5,"column":2}},"line":3},"1":{"name":"(anonymous_1)","decl":{"start":{"line":7,"column":1},"end":{"line":7,"column":2}},"loc":{"start":{"line":7,"column":32},"end":{"line":9,"column":2}},"line":7},"2":{"name":"(anonymous_2)","decl":{"start":{"line":11,"column":1},"end":{"line":11,"column":2}},"loc":{"start":{"line":11,"column":31},"end":{"line":13,"column":2}},"line":11}},"branchMap":{},"s":{"0":1,"1":1,"2":1,"3":3},"f":{"0":1,"1":1,"2":1},"b":{},"_coverageSchema":"1a1c01bbd47fc00a2c39e90264f33305004495a9","hash":"7223cf7f44692ddc231dc9e157547a254afab0f6"}
,"/home/achmad/Documents/Dicodings Project/Back-End Dev/Menjadi Back-End Developer Expert dengan Javascript/forum-api-starter-project/src/Domains/threads/entities/AddedThread.js": {"path":"/home/achmad/Documents/Dicodings Project/Back-End Dev/Menjadi Back-End Developer Expert dengan Javascript/forum-api-starter-project/src/Domains/threads/entities/AddedThread.js","statementMap":{"0":{"start":{"line":3,"column":2},"end":{"line":3,"column":31}},"1":{"start":{"line":5,"column":31},"end":{"line":5,"column":38}},"2":{"start":{"line":7,"column":2},"end":{"line":7,"column":15}},"3":{"start":{"line":8,"column":2},"end":{"line":8,"column":21}},"4":{"start":{"line":9,"column":2},"end":{"line":9,"column":21}},"5":{"start":{"line":13,"column":2},"end":{"line":15,"column":3}},"6":{"start":{"line":14,"column":3},"end":{"line":14,"column":63}},"7":{"start":{"line":17,"column":2},"end":{"line":23,"column":3}},"8":{"start":{"line":22,"column":3},"end":{"line":22,"column":68}},"9":{"start":{"line":27,"column":0},"end":{"line":27,"column":29}}},"fnMap":{"0":{"name":"(anonymous_0)","decl":{"start":{"line":2,"column":1},"end":{"line":2,"column":2}},"loc":{"start":{"line":2,"column":22},"end":{"line":10,"column":2}},"line":2},"1":{"name":"(anonymous_1)","decl":{"start":{"line":12,"column":1},"end":{"line":12,"column":2}},"loc":{"start":{"line":12,"column":38},"end":{"line":24,"column":2}},"line":12}},"branchMap":{"0":{"loc":{"start":{"line":13,"column":2},"end":{"line":15,"column":3}},"type":"if","locations":[{"start":{"line":13,"column":2},"end":{"line":15,"column":3}},{"start":{},"end":{}}],"line":13},"1":{"loc":{"start":{"line":13,"column":6},"end":{"line":13,"column":29}},"type":"binary-expr","locations":[{"start":{"line":13,"column":6},"end":{"line":13,"column":9}},{"start":{"line":13,"column":13},"end":{"line":13,"column":19}},{"start":{"line":13,"column":23},"end":{"line":13,"column":29}}],"line":13},"2":{"loc":{"start":{"line":17,"column":2},"end":{"line":23,"column":3}},"type":"if","locations":[{"start":{"line":17,"column":2},"end":{"line":23,"column":3}},{"start":{},"end":{}}],"line":17},"3":{"loc":{"start":{"line":18,"column":3},"end":{"line":20,"column":28}},"type":"binary-expr","locations":[{"start":{"line":18,"column":3},"end":{"line":18,"column":25}},{"start":{"line":19,"column":3},"end":{"line":19,"column":28}},{"start":{"line":20,"column":3},"end":{"line":20,"column":28}}],"line":18}},"s":{"0":3,"1":1,"2":1,"3":1,"4":1,"5":3,"6":1,"7":2,"8":1,"9":3},"f":{"0":3,"1":3},"b":{"0":[1,2],"1":[3,2,2],"2":[1,1],"3":[2,2,1]},"_coverageSchema":"1a1c01bbd47fc00a2c39e90264f33305004495a9","hash":"14b5be2d3099ae0b7f2338471ef66853683b61d2"}
,"/home/achmad/Documents/Dicodings Project/Back-End Dev/Menjadi Back-End Developer Expert dengan Javascript/forum-api-starter-project/src/Domains/threads/entities/NewThread.js": {"path":"/home/achmad/Documents/Dicodings Project/Back-End Dev/Menjadi Back-End Developer Expert dengan Javascript/forum-api-starter-project/src/Domains/threads/entities/NewThread.js","statementMap":{"0":{"start":{"line":3,"column":2},"end":{"line":3,"column":31}},"1":{"start":{"line":5,"column":33},"end":{"line":5,"column":40}},"2":{"start":{"line":7,"column":2},"end":{"line":7,"column":21}},"3":{"start":{"line":8,"column":2},"end":{"line":8,"column":19}},"4":{"start":{"line":9,"column":2},"end":{"line":9,"column":21}},"5":{"start":{"line":13,"column":2},"end":{"line":15,"column":3}},"6":{"start":{"line":14,"column":3},"end":{"line":14,"column":61}},"7":{"start":{"line":17,"column":2},"end":{"line":23,"column":3}},"8":{"start":{"line":22,"column":3},"end":{"line":22,"column":66}},"9":{"start":{"line":25,"column":2},"end":{"line":27,"column":3}},"10":{"start":{"line":26,"column":3},"end":{"line":26,"column":50}},"11":{"start":{"line":31,"column":0},"end":{"line":31,"column":27}}},"fnMap":{"0":{"name":"(anonymous_0)","decl":{"start":{"line":2,"column":1},"end":{"line":2,"column":2}},"loc":{"start":{"line":2,"column":22},"end":{"line":10,"column":2}},"line":2},"1":{"name":"(anonymous_1)","decl":{"start":{"line":12,"column":1},"end":{"line":12,"column":2}},"loc":{"start":{"line":12,"column":40},"end":{"line":28,"column":2}},"line":12}},"branchMap":{"0":{"loc":{"start":{"line":13,"column":2},"end":{"line":15,"column":3}},"type":"if","locations":[{"start":{"line":13,"column":2},"end":{"line":15,"column":3}},{"start":{},"end":{}}],"line":13},"1":{"loc":{"start":{"line":13,"column":6},"end":{"line":13,"column":31}},"type":"binary-expr","locations":[{"start":{"line":13,"column":6},"end":{"line":13,"column":12}},{"start":{"line":13,"column":16},"end":{"line":13,"column":21}},{"start":{"line":13,"column":25},"end":{"line":13,"column":31}}],"line":13},"2":{"loc":{"start":{"line":17,"column":2},"end":{"line":23,"column":3}},"type":"if","locations":[{"start":{"line":17,"column":2},"end":{"line":23,"column":3}},{"start":{},"end":{}}],"line":17},"3":{"loc":{"start":{"line":18,"column":3},"end":{"line":20,"column":28}},"type":"binary-expr","locations":[{"start":{"line":18,"column":3},"end":{"line":18,"column":28}},{"start":{"line":19,"column":3},"end":{"line":19,"column":27}},{"start":{"line":20,"column":3},"end":{"line":20,"column":28}}],"line":18},"4":{"loc":{"start":{"line":25,"column":2},"end":{"line":27,"column":3}},"type":"if","locations":[{"start":{"line":25,"column":2},"end":{"line":27,"column":3}},{"start":{},"end":{}}],"line":25}},"s":{"0":4,"1":1,"2":1,"3":1,"4":1,"5":4,"6":1,"7":3,"8":1,"9":2,"10":1,"11":4},"f":{"0":4,"1":4},"b":{"0":[1,3],"1":[4,4,4],"2":[1,2],"3":[3,2,2],"4":[1,1]},"_coverageSchema":"1a1c01bbd47fc00a2c39e90264f33305004495a9","hash":"d2dd2279eb2dd0f3e140753c682255862c1cbc8a"}
,"/home/achmad/Documents/Dicodings Project/Back-End Dev/Menjadi Back-End Developer Expert dengan Javascript/forum-api-starter-project/src/Domains/users/UserRepository.js": {"path":"/home/achmad/Documents/Dicodings Project/Back-End Dev/Menjadi Back-End Developer Expert dengan Javascript/forum-api-starter-project/src/Domains/users/UserRepository.js","statementMap":{"0":{"start":{"line":3,"column":2},"end":{"line":3,"column":60}},"1":{"start":{"line":7,"column":2},"end":{"line":7,"column":60}},"2":{"start":{"line":11,"column":2},"end":{"line":11,"column":60}},"3":{"start":{"line":15,"column":2},"end":{"line":15,"column":60}},"4":{"start":{"line":19,"column":0},"end":{"line":19,"column":32}}},"fnMap":{"0":{"name":"(anonymous_0)","decl":{"start":{"line":2,"column":1},"end":{"line":2,"column":2}},"loc":{"start":{"line":2,"column":29},"end":{"line":4,"column":2}},"line":2},"1":{"name":"(anonymous_1)","decl":{"start":{"line":6,"column":1},"end":{"line":6,"column":2}},"loc":{"start":{"line":6,"column":41},"end":{"line":8,"column":2}},"line":6},"2":{"name":"(anonymous_2)","decl":{"start":{"line":10,"column":1},"end":{"line":10,"column":2}},"loc":{"start":{"line":10,"column":39},"end":{"line":12,"column":2}},"line":10},"3":{"name":"(anonymous_3)","decl":{"start":{"line":14,"column":1},"end":{"line":14,"column":2}},"loc":{"start":{"line":14,"column":33},"end":{"line":16,"column":2}},"line":14}},"branchMap":{},"s":{"0":1,"1":1,"2":1,"3":1,"4":6},"f":{"0":1,"1":1,"2":1,"3":1},"b":{},"_coverageSchema":"1a1c01bbd47fc00a2c39e90264f33305004495a9","hash":"48f71735a08604c017080dec3c60326164d2eda5"}
,"/home/achmad/Documents/Dicodings Project/Back-End Dev/Menjadi Back-End Developer Expert dengan Javascript/forum-api-starter-project/src/Domains/users/entities/RegisterUser.js": {"path":"/home/achmad/Documents/Dicodings Project/Back-End Dev/Menjadi Back-End Developer Expert dengan Javascript/forum-api-starter-project/src/Domains/users/entities/RegisterUser.js","statementMap":{"0":{"start":{"line":3,"column":4},"end":{"line":3,"column":33}},"1":{"start":{"line":5,"column":45},"end":{"line":5,"column":52}},"2":{"start":{"line":7,"column":4},"end":{"line":7,"column":29}},"3":{"start":{"line":8,"column":4},"end":{"line":8,"column":29}},"4":{"start":{"line":9,"column":4},"end":{"line":9,"column":29}},"5":{"start":{"line":13,"column":4},"end":{"line":15,"column":5}},"6":{"start":{"line":14,"column":6},"end":{"line":14,"column":67}},"7":{"start":{"line":17,"column":4},"end":{"line":19,"column":5}},"8":{"start":{"line":18,"column":6},"end":{"line":18,"column":72}},"9":{"start":{"line":21,"column":4},"end":{"line":23,"column":5}},"10":{"start":{"line":22,"column":6},"end":{"line":22,"column":59}},"11":{"start":{"line":25,"column":4},"end":{"line":27,"column":5}},"12":{"start":{"line":26,"column":6},"end":{"line":26,"column":77}},"13":{"start":{"line":31,"column":0},"end":{"line":31,"column":30}}},"fnMap":{"0":{"name":"(anonymous_0)","decl":{"start":{"line":2,"column":2},"end":{"line":2,"column":3}},"loc":{"start":{"line":2,"column":23},"end":{"line":10,"column":3}},"line":2},"1":{"name":"(anonymous_1)","decl":{"start":{"line":12,"column":2},"end":{"line":12,"column":3}},"loc":{"start":{"line":12,"column":51},"end":{"line":28,"column":3}},"line":12}},"branchMap":{"0":{"loc":{"start":{"line":13,"column":4},"end":{"line":15,"column":5}},"type":"if","locations":[{"start":{"line":13,"column":4},"end":{"line":15,"column":5}},{"start":{},"end":{}}],"line":13},"1":{"loc":{"start":{"line":13,"column":8},"end":{"line":13,"column":43}},"type":"binary-expr","locations":[{"start":{"line":13,"column":8},"end":{"line":13,"column":17}},{"start":{"line":13,"column":21},"end":{"line":13,"column":30}},{"start":{"line":13,"column":34},"end":{"line":13,"column":43}}],"line":13},"2":{"loc":{"start":{"line":17,"column":4},"end":{"line":19,"column":5}},"type":"if","locations":[{"start":{"line":17,"column":4},"end":{"line":19,"column":5}},{"start":{},"end":{}}],"line":17},"3":{"loc":{"start":{"line":17,"column":8},"end":{"line":17,"column":100}},"type":"binary-expr","locations":[{"start":{"line":17,"column":8},"end":{"line":17,"column":36}},{"start":{"line":17,"column":40},"end":{"line":17,"column":68}},{"start":{"line":17,"column":72},"end":{"line":17,"column":100}}],"line":17},"4":{"loc":{"start":{"line":21,"column":4},"end":{"line":23,"column":5}},"type":"if","locations":[{"start":{"line":21,"column":4},"end":{"line":23,"column":5}},{"start":{},"end":{}}],"line":21},"5":{"loc":{"start":{"line":25,"column":4},"end":{"line":27,"column":5}},"type":"if","locations":[{"start":{"line":25,"column":4},"end":{"line":27,"column":5}},{"start":{},"end":{}}],"line":25}},"s":{"0":17,"1":9,"2":9,"3":9,"4":9,"5":17,"6":2,"7":15,"8":2,"9":13,"10":2,"11":11,"12":2,"13":6},"f":{"0":17,"1":17},"b":{"0":[2,15],"1":[17,16,16],"2":[2,13],"3":[15,14,14],"4":[2,11],"5":[2,9]},"_coverageSchema":"1a1c01bbd47fc00a2c39e90264f33305004495a9","hash":"40556ffe5bcb8e51343196d4adecf68974f4299a"}
,"/home/achmad/Documents/Dicodings Project/Back-End Dev/Menjadi Back-End Developer Expert dengan Javascript/forum-api-starter-project/src/Domains/users/entities/RegisteredUser.js": {"path":"/home/achmad/Documents/Dicodings Project/Back-End Dev/Menjadi Back-End Developer Expert dengan Javascript/forum-api-starter-project/src/Domains/users/entities/RegisteredUser.js","statementMap":{"0":{"start":{"line":3,"column":4},"end":{"line":3,"column":33}},"1":{"start":{"line":5,"column":39},"end":{"line":5,"column":46}},"2":{"start":{"line":7,"column":4},"end":{"line":7,"column":17}},"3":{"start":{"line":8,"column":4},"end":{"line":8,"column":29}},"4":{"start":{"line":9,"column":4},"end":{"line":9,"column":29}},"5":{"start":{"line":13,"column":4},"end":{"line":15,"column":5}},"6":{"start":{"line":14,"column":6},"end":{"line":14,"column":69}},"7":{"start":{"line":17,"column":4},"end":{"line":19,"column":5}},"8":{"start":{"line":18,"column":6},"end":{"line":18,"column":74}},"9":{"start":{"line":23,"column":0},"end":{"line":23,"column":32}}},"fnMap":{"0":{"name":"(anonymous_0)","decl":{"start":{"line":2,"column":2},"end":{"line":2,"column":3}},"loc":{"start":{"line":2,"column":23},"end":{"line":10,"column":3}},"line":2},"1":{"name":"(anonymous_1)","decl":{"start":{"line":12,"column":2},"end":{"line":12,"column":3}},"loc":{"start":{"line":12,"column":45},"end":{"line":20,"column":3}},"line":12}},"branchMap":{"0":{"loc":{"start":{"line":13,"column":4},"end":{"line":15,"column":5}},"type":"if","locations":[{"start":{"line":13,"column":4},"end":{"line":15,"column":5}},{"start":{},"end":{}}],"line":13},"1":{"loc":{"start":{"line":13,"column":8},"end":{"line":13,"column":37}},"type":"binary-expr","locations":[{"start":{"line":13,"column":8},"end":{"line":13,"column":11}},{"start":{"line":13,"column":15},"end":{"line":13,"column":24}},{"start":{"line":13,"column":28},"end":{"line":13,"column":37}}],"line":13},"2":{"loc":{"start":{"line":17,"column":4},"end":{"line":19,"column":5}},"type":"if","locations":[{"start":{"line":17,"column":4},"end":{"line":19,"column":5}},{"start":{},"end":{}}],"line":17},"3":{"loc":{"start":{"line":17,"column":8},"end":{"line":17,"column":94}},"type":"binary-expr","locations":[{"start":{"line":17,"column":8},"end":{"line":17,"column":30}},{"start":{"line":17,"column":34},"end":{"line":17,"column":62}},{"start":{"line":17,"column":66},"end":{"line":17,"column":94}}],"line":17}},"s":{"0":5,"1":3,"2":3,"3":3,"4":3,"5":5,"6":1,"7":4,"8":1,"9":5},"f":{"0":5,"1":5},"b":{"0":[1,4],"1":[5,4,4],"2":[1,3],"3":[4,3,3]},"_coverageSchema":"1a1c01bbd47fc00a2c39e90264f33305004495a9","hash":"46bc5206c51d242175ef5e472b9ab5d4cf1bb348"}
,"/home/achmad/Documents/Dicodings Project/Back-End Dev/Menjadi Back-End Developer Expert dengan Javascript/forum-api-starter-project/src/Domains/users/entities/UserLogin.js": {"path":"/home/achmad/Documents/Dicodings Project/Back-End Dev/Menjadi Back-End Developer Expert dengan Javascript/forum-api-starter-project/src/Domains/users/entities/UserLogin.js","statementMap":{"0":{"start":{"line":3,"column":4},"end":{"line":3,"column":33}},"1":{"start":{"line":5,"column":4},"end":{"line":5,"column":37}},"2":{"start":{"line":6,"column":4},"end":{"line":6,"column":37}},"3":{"start":{"line":10,"column":35},"end":{"line":10,"column":42}},"4":{"start":{"line":12,"column":4},"end":{"line":14,"column":5}},"5":{"start":{"line":13,"column":6},"end":{"line":13,"column":64}},"6":{"start":{"line":16,"column":4},"end":{"line":18,"column":5}},"7":{"start":{"line":17,"column":6},"end":{"line":17,"column":69}},"8":{"start":{"line":22,"column":0},"end":{"line":22,"column":27}}},"fnMap":{"0":{"name":"(anonymous_0)","decl":{"start":{"line":2,"column":2},"end":{"line":2,"column":3}},"loc":{"start":{"line":2,"column":23},"end":{"line":7,"column":3}},"line":2},"1":{"name":"(anonymous_1)","decl":{"start":{"line":9,"column":2},"end":{"line":9,"column":3}},"loc":{"start":{"line":9,"column":26},"end":{"line":19,"column":3}},"line":9}},"branchMap":{"0":{"loc":{"start":{"line":12,"column":4},"end":{"line":14,"column":5}},"type":"if","locations":[{"start":{"line":12,"column":4},"end":{"line":14,"column":5}},{"start":{},"end":{}}],"line":12},"1":{"loc":{"start":{"line":12,"column":8},"end":{"line":12,"column":30}},"type":"binary-expr","locations":[{"start":{"line":12,"column":8},"end":{"line":12,"column":17}},{"start":{"line":12,"column":21},"end":{"line":12,"column":30}}],"line":12},"2":{"loc":{"start":{"line":16,"column":4},"end":{"line":18,"column":5}},"type":"if","locations":[{"start":{"line":16,"column":4},"end":{"line":18,"column":5}},{"start":{},"end":{}}],"line":16},"3":{"loc":{"start":{"line":16,"column":8},"end":{"line":16,"column":68}},"type":"binary-expr","locations":[{"start":{"line":16,"column":8},"end":{"line":16,"column":36}},{"start":{"line":16,"column":40},"end":{"line":16,"column":68}}],"line":16}},"s":{"0":10,"1":6,"2":6,"3":10,"4":10,"5":2,"6":8,"7":2,"8":5},"f":{"0":10,"1":10},"b":{"0":[2,8],"1":[10,10],"2":[2,6],"3":[8,7]},"_coverageSchema":"1a1c01bbd47fc00a2c39e90264f33305004495a9","hash":"9491d36a0e4b6b2149f8b0a935c65f7d9b2ae931"}
,"/home/achmad/Documents/Dicodings Project/Back-End Dev/Menjadi Back-End Developer Expert dengan Javascript/forum-api-starter-project/src/Infrastructures/http/createServer.js": {"path":"/home/achmad/Documents/Dicodings Project/Back-End Dev/Menjadi Back-End Developer Expert dengan Javascript/forum-api-starter-project/src/Infrastructures/http/createServer.js","statementMap":{"0":{"start":{"line":1,"column":13},"end":{"line":1,"column":34}},"1":{"start":{"line":2,"column":12},"end":{"line":2,"column":32}},"2":{"start":{"line":3,"column":20},"end":{"line":3,"column":67}},"3":{"start":{"line":4,"column":30},"end":{"line":4,"column":87}},"4":{"start":{"line":6,"column":14},"end":{"line":6,"column":56}},"5":{"start":{"line":7,"column":24},"end":{"line":7,"column":76}},"6":{"start":{"line":8,"column":16},"end":{"line":8,"column":60}},"7":{"start":{"line":10,"column":21},"end":{"line":90,"column":1}},"8":{"start":{"line":11,"column":16},"end":{"line":14,"column":3}},"9":{"start":{"line":16,"column":1},"end":{"line":20,"column":4}},"10":{"start":{"line":22,"column":1},"end":{"line":36,"column":4}},"11":{"start":{"line":30,"column":28},"end":{"line":35,"column":3}},"12":{"start":{"line":38,"column":1},"end":{"line":51,"column":4}},"13":{"start":{"line":53,"column":1},"end":{"line":87,"column":4}},"14":{"start":{"line":55,"column":23},"end":{"line":55,"column":30}},"15":{"start":{"line":57,"column":2},"end":{"line":83,"column":3}},"16":{"start":{"line":59,"column":27},"end":{"line":59,"column":68}},"17":{"start":{"line":62,"column":3},"end":{"line":69,"column":4}},"18":{"start":{"line":63,"column":24},"end":{"line":66,"column":6}},"19":{"start":{"line":67,"column":4},"end":{"line":67,"column":49}},"20":{"start":{"line":68,"column":4},"end":{"line":68,"column":23}},"21":{"start":{"line":72,"column":3},"end":{"line":74,"column":4}},"22":{"start":{"line":73,"column":4},"end":{"line":73,"column":22}},"23":{"start":{"line":77,"column":23},"end":{"line":80,"column":5}},"24":{"start":{"line":81,"column":3},"end":{"line":81,"column":25}},"25":{"start":{"line":82,"column":3},"end":{"line":82,"column":22}},"26":{"start":{"line":86,"column":2},"end":{"line":86,"column":20}},"27":{"start":{"line":89,"column":1},"end":{"line":89,"column":15}},"28":{"start":{"line":92,"column":0},"end":{"line":92,"column":30}}},"fnMap":{"0":{"name":"(anonymous_0)","decl":{"start":{"line":10,"column":21},"end":{"line":10,"column":22}},"loc":{"start":{"line":10,"column":42},"end":{"line":90,"column":1}},"line":10},"1":{"name":"(anonymous_1)","decl":{"start":{"line":30,"column":12},"end":{"line":30,"column":13}},"loc":{"start":{"line":30,"column":28},"end":{"line":35,"column":3}},"line":30},"2":{"name":"(anonymous_2)","decl":{"start":{"line":53,"column":29},"end":{"line":53,"column":30}},"loc":{"start":{"line":53,"column":45},"end":{"line":87,"column":2}},"line":53}},"branchMap":{"0":{"loc":{"start":{"line":57,"column":2},"end":{"line":83,"column":3}},"type":"if","locations":[{"start":{"line":57,"column":2},"end":{"line":83,"column":3}},{"start":{},"end":{}}],"line":57},"1":{"loc":{"start":{"line":62,"column":3},"end":{"line":69,"column":4}},"type":"if","locations":[{"start":{"line":62,"column":3},"end":{"line":69,"column":4}},{"start":{},"end":{}}],"line":62},"2":{"loc":{"start":{"line":72,"column":3},"end":{"line":74,"column":4}},"type":"if","locations":[{"start":{"line":72,"column":3},"end":{"line":74,"column":4}},{"start":{},"end":{}}],"line":72}},"s":{"0":3,"1":3,"2":3,"3":3,"4":3,"5":3,"6":3,"7":3,"8":21,"9":21,"10":21,"11":0,"12":21,"13":21,"14":23,"15":23,"16":23,"17":23,"18":11,"19":11,"20":11,"21":12,"22":1,"23":11,"24":11,"25":11,"26":0,"27":21,"28":3},"f":{"0":21,"1":0,"2":23},"b":{"0":[23,0],"1":[11,12],"2":[1,11]},"_coverageSchema":"1a1c01bbd47fc00a2c39e90264f33305004495a9","hash":"70cec0b04066af3f6edc3824669dd68558acfe02"}
,"/home/achmad/Documents/Dicodings Project/Back-End Dev/Menjadi Back-End Developer Expert dengan Javascript/forum-api-starter-project/src/Infrastructures/repository/AuthenticationRepositoryPostgres.js": {"path":"/home/achmad/Documents/Dicodings Project/Back-End Dev/Menjadi Back-End Developer Expert dengan Javascript/forum-api-starter-project/src/Infrastructures/repository/AuthenticationRepositoryPostgres.js","statementMap":{"0":{"start":{"line":1,"column":23},"end":{"line":1,"column":73}},"1":{"start":{"line":2,"column":33},"end":{"line":2,"column":98}},"2":{"start":{"line":6,"column":4},"end":{"line":6,"column":12}},"3":{"start":{"line":7,"column":4},"end":{"line":7,"column":22}},"4":{"start":{"line":11,"column":18},"end":{"line":14,"column":5}},"5":{"start":{"line":16,"column":4},"end":{"line":16,"column":34}},"6":{"start":{"line":20,"column":18},"end":{"line":23,"column":5}},"7":{"start":{"line":25,"column":19},"end":{"line":25,"column":48}},"8":{"start":{"line":27,"column":4},"end":{"line":29,"column":5}},"9":{"start":{"line":28,"column":6},"end":{"line":28,"column":76}},"10":{"start":{"line":33,"column":18},"end":{"line":36,"column":5}},"11":{"start":{"line":38,"column":4},"end":{"line":38,"column":34}},"12":{"start":{"line":42,"column":0},"end":{"line":42,"column":50}}},"fnMap":{"0":{"name":"(anonymous_0)","decl":{"start":{"line":5,"column":2},"end":{"line":5,"column":3}},"loc":{"start":{"line":5,"column":20},"end":{"line":8,"column":3}},"line":5},"1":{"name":"(anonymous_1)","decl":{"start":{"line":10,"column":2},"end":{"line":10,"column":3}},"loc":{"start":{"line":10,"column":24},"end":{"line":17,"column":3}},"line":10},"2":{"name":"(anonymous_2)","decl":{"start":{"line":19,"column":2},"end":{"line":19,"column":3}},"loc":{"start":{"line":19,"column":38},"end":{"line":30,"column":3}},"line":19},"3":{"name":"(anonymous_3)","decl":{"start":{"line":32,"column":2},"end":{"line":32,"column":3}},"loc":{"start":{"line":32,"column":27},"end":{"line":39,"column":3}},"line":32}},"branchMap":{"0":{"loc":{"start":{"line":27,"column":4},"end":{"line":29,"column":5}},"type":"if","locations":[{"start":{"line":27,"column":4},"end":{"line":29,"column":5}},{"start":{},"end":{}}],"line":27}},"s":{"0":3,"1":3,"2":5,"3":5,"4":1,"5":1,"6":3,"7":3,"8":0,"9":0,"10":0,"11":0,"12":3},"f":{"0":5,"1":1,"2":3,"3":0},"b":{"0":[0,0]},"_coverageSchema":"1a1c01bbd47fc00a2c39e90264f33305004495a9","hash":"fe5453aa7c41c7ca7e1af60929caf52746a547c6"}
,"/home/achmad/Documents/Dicodings Project/Back-End Dev/Menjadi Back-End Developer Expert dengan Javascript/forum-api-starter-project/src/Infrastructures/repository/ThreadRepositoryPostgres.js": {"path":"/home/achmad/Documents/Dicodings Project/Back-End Dev/Menjadi Back-End Developer Expert dengan Javascript/forum-api-starter-project/src/Infrastructures/repository/ThreadRepositoryPostgres.js","statementMap":{"0":{"start":{"line":1,"column":22},"end":{"line":1,"column":71}},"1":{"start":{"line":2,"column":25},"end":{"line":2,"column":74}},"2":{"start":{"line":3,"column":20},"end":{"line":3,"column":73}},"3":{"start":{"line":7,"column":2},"end":{"line":7,"column":10}},"4":{"start":{"line":8,"column":2},"end":{"line":8,"column":20}},"5":{"start":{"line":9,"column":2},"end":{"line":9,"column":34}},"6":{"start":{"line":13,"column":33},"end":{"line":13,"column":42}},"7":{"start":{"line":14,"column":13},"end":{"line":14,"column":44}},"8":{"start":{"line":16,"column":16},"end":{"line":19,"column":3}},"9":{"start":{"line":21,"column":17},"end":{"line":21,"column":46}},"10":{"start":{"line":23,"column":2},"end":{"line":23,"column":41}},"11":{"start":{"line":27,"column":16},"end":{"line":30,"column":3}},"12":{"start":{"line":32,"column":17},"end":{"line":32,"column":46}},"13":{"start":{"line":34,"column":2},"end":{"line":36,"column":3}},"14":{"start":{"line":35,"column":3},"end":{"line":35,"column":58}},"15":{"start":{"line":38,"column":2},"end":{"line":38,"column":24}},"16":{"start":{"line":42,"column":16},"end":{"line":45,"column":3}},"17":{"start":{"line":47,"column":17},"end":{"line":47,"column":46}},"18":{"start":{"line":49,"column":2},"end":{"line":51,"column":3}},"19":{"start":{"line":50,"column":3},"end":{"line":50,"column":58}},"20":{"start":{"line":53,"column":2},"end":{"line":53,"column":24}},"21":{"start":{"line":57,"column":0},"end":{"line":57,"column":42}}},"fnMap":{"0":{"name":"(anonymous_0)","decl":{"start":{"line":6,"column":1},"end":{"line":6,"column":2}},"loc":{"start":{"line":6,"column":32},"end":{"line":10,"column":2}},"line":6},"1":{"name":"(anonymous_1)","decl":{"start":{"line":12,"column":1},"end":{"line":12,"column":2}},"loc":{"start":{"line":12,"column":28},"end":{"line":24,"column":2}},"line":12},"2":{"name":"(anonymous_2)","decl":{"start":{"line":26,"column":1},"end":{"line":26,"column":2}},"loc":{"start":{"line":26,"column":26},"end":{"line":39,"column":2}},"line":26},"3":{"name":"(anonymous_3)","decl":{"start":{"line":41,"column":1},"end":{"line":41,"column":2}},"loc":{"start":{"line":41,"column":25},"end":{"line":54,"column":2}},"line":41}},"branchMap":{"0":{"loc":{"start":{"line":34,"column":2},"end":{"line":36,"column":3}},"type":"if","locations":[{"start":{"line":34,"column":2},"end":{"line":36,"column":3}},{"start":{},"end":{}}],"line":34},"1":{"loc":{"start":{"line":49,"column":2},"end":{"line":51,"column":3}},"type":"if","locations":[{"start":{"line":49,"column":2},"end":{"line":51,"column":3}},{"start":{},"end":{}}],"line":49}},"s":{"0":2,"1":2,"2":2,"3":0,"4":0,"5":0,"6":0,"7":0,"8":0,"9":0,"10":0,"11":0,"12":0,"13":0,"14":0,"15":0,"16":0,"17":0,"18":0,"19":0,"20":0,"21":2},"f":{"0":0,"1":0,"2":0,"3":0},"b":{"0":[0,0],"1":[0,0]},"_coverageSchema":"1a1c01bbd47fc00a2c39e90264f33305004495a9","hash":"fb5f3e01ce7f0c4f4d4c3663172c83b6c7cddd6c"}
,"/home/achmad/Documents/Dicodings Project/Back-End Dev/Menjadi Back-End Developer Expert dengan Javascript/forum-api-starter-project/src/Infrastructures/repository/UserRepositoryPostgres.js": {"path":"/home/achmad/Documents/Dicodings Project/Back-End Dev/Menjadi Back-End Developer Expert dengan Javascript/forum-api-starter-project/src/Infrastructures/repository/UserRepositoryPostgres.js","statementMap":{"0":{"start":{"line":1,"column":23},"end":{"line":1,"column":73}},"1":{"start":{"line":2,"column":23},"end":{"line":2,"column":77}},"2":{"start":{"line":3,"column":23},"end":{"line":3,"column":68}},"3":{"start":{"line":7,"column":4},"end":{"line":7,"column":12}},"4":{"start":{"line":8,"column":4},"end":{"line":8,"column":22}},"5":{"start":{"line":9,"column":4},"end":{"line":9,"column":36}},"6":{"start":{"line":13,"column":18},"end":{"line":16,"column":5}},"7":{"start":{"line":18,"column":19},"end":{"line":18,"column":48}},"8":{"start":{"line":20,"column":4},"end":{"line":22,"column":5}},"9":{"start":{"line":21,"column":6},"end":{"line":21,"column":58}},"10":{"start":{"line":26,"column":45},"end":{"line":26,"column":57}},"11":{"start":{"line":27,"column":15},"end":{"line":27,"column":44}},"12":{"start":{"line":29,"column":18},"end":{"line":32,"column":5}},"13":{"start":{"line":34,"column":19},"end":{"line":34,"column":48}},"14":{"start":{"line":36,"column":4},"end":{"line":36,"column":53}},"15":{"start":{"line":40,"column":18},"end":{"line":43,"column":5}},"16":{"start":{"line":45,"column":19},"end":{"line":45,"column":48}},"17":{"start":{"line":47,"column":4},"end":{"line":49,"column":5}},"18":{"start":{"line":48,"column":6},"end":{"line":48,"column":59}},"19":{"start":{"line":51,"column":4},"end":{"line":51,"column":35}},"20":{"start":{"line":55,"column":18},"end":{"line":58,"column":5}},"21":{"start":{"line":60,"column":19},"end":{"line":60,"column":48}},"22":{"start":{"line":62,"column":4},"end":{"line":64,"column":5}},"23":{"start":{"line":63,"column":6},"end":{"line":63,"column":55}},"24":{"start":{"line":66,"column":19},"end":{"line":66,"column":33}},"25":{"start":{"line":68,"column":4},"end":{"line":68,"column":14}},"26":{"start":{"line":72,"column":0},"end":{"line":72,"column":40}}},"fnMap":{"0":{"name":"(anonymous_0)","decl":{"start":{"line":6,"column":2},"end":{"line":6,"column":3}},"loc":{"start":{"line":6,"column":33},"end":{"line":10,"column":3}},"line":6},"1":{"name":"(anonymous_1)","decl":{"start":{"line":12,"column":2},"end":{"line":12,"column":3}},"loc":{"start":{"line":12,"column":42},"end":{"line":23,"column":3}},"line":12},"2":{"name":"(anonymous_2)","decl":{"start":{"line":25,"column":2},"end":{"line":25,"column":3}},"loc":{"start":{"line":25,"column":30},"end":{"line":37,"column":3}},"line":25},"3":{"name":"(anonymous_3)","decl":{"start":{"line":39,"column":2},"end":{"line":39,"column":3}},"loc":{"start":{"line":39,"column":40},"end":{"line":52,"column":3}},"line":39},"4":{"name":"(anonymous_4)","decl":{"start":{"line":54,"column":2},"end":{"line":54,"column":3}},"loc":{"start":{"line":54,"column":34},"end":{"line":69,"column":3}},"line":54}},"branchMap":{"0":{"loc":{"start":{"line":20,"column":4},"end":{"line":22,"column":5}},"type":"if","locations":[{"start":{"line":20,"column":4},"end":{"line":22,"column":5}},{"start":{},"end":{}}],"line":20},"1":{"loc":{"start":{"line":47,"column":4},"end":{"line":49,"column":5}},"type":"if","locations":[{"start":{"line":47,"column":4},"end":{"line":49,"column":5}},{"start":{},"end":{}}],"line":47},"2":{"loc":{"start":{"line":62,"column":4},"end":{"line":64,"column":5}},"type":"if","locations":[{"start":{"line":62,"column":4},"end":{"line":64,"column":5}},{"start":{},"end":{}}],"line":62}},"s":{"0":3,"1":3,"2":3,"3":8,"4":8,"5":8,"6":5,"7":5,"8":0,"9":0,"10":2,"11":2,"12":2,"13":2,"14":0,"15":5,"16":5,"17":0,"18":0,"19":0,"20":1,"21":1,"22":0,"23":0,"24":0,"25":0,"26":3},"f":{"0":8,"1":5,"2":2,"3":5,"4":1},"b":{"0":[0,0],"1":[0,0],"2":[0,0]},"_coverageSchema":"1a1c01bbd47fc00a2c39e90264f33305004495a9","hash":"c0eb5498a60931c4cd1f7dc8a72c9dd16b2b61d0"}
,"/home/achmad/Documents/Dicodings Project/Back-End Dev/Menjadi Back-End Developer Expert dengan Javascript/forum-api-starter-project/src/Infrastructures/security/BcryptPasswordHash.js": {"path":"/home/achmad/Documents/Dicodings Project/Back-End Dev/Menjadi Back-End Developer Expert dengan Javascript/forum-api-starter-project/src/Infrastructures/security/BcryptPasswordHash.js","statementMap":{"0":{"start":{"line":1,"column":25},"end":{"line":1,"column":76}},"1":{"start":{"line":2,"column":28},"end":{"line":2,"column":83}},"2":{"start":{"line":6,"column":4},"end":{"line":6,"column":12}},"3":{"start":{"line":7,"column":4},"end":{"line":7,"column":26}},"4":{"start":{"line":8,"column":4},"end":{"line":8,"column":32}},"5":{"start":{"line":12,"column":4},"end":{"line":12,"column":56}},"6":{"start":{"line":16,"column":19},"end":{"line":16,"column":71}},"7":{"start":{"line":18,"column":4},"end":{"line":20,"column":5}},"8":{"start":{"line":19,"column":6},"end":{"line":19,"column":75}},"9":{"start":{"line":24,"column":0},"end":{"line":24,"column":36}}},"fnMap":{"0":{"name":"(anonymous_0)","decl":{"start":{"line":5,"column":2},"end":{"line":5,"column":3}},"loc":{"start":{"line":5,"column":38},"end":{"line":9,"column":3}},"line":5},"1":{"name":"(anonymous_1)","decl":{"start":{"line":11,"column":2},"end":{"line":11,"column":3}},"loc":{"start":{"line":11,"column":23},"end":{"line":13,"column":3}},"line":11},"2":{"name":"(anonymous_2)","decl":{"start":{"line":15,"column":2},"end":{"line":15,"column":3}},"loc":{"start":{"line":15,"column":50},"end":{"line":21,"column":3}},"line":15}},"branchMap":{"0":{"loc":{"start":{"line":5,"column":22},"end":{"line":5,"column":36}},"type":"default-arg","locations":[{"start":{"line":5,"column":34},"end":{"line":5,"column":36}}],"line":5},"1":{"loc":{"start":{"line":18,"column":4},"end":{"line":20,"column":5}},"type":"if","locations":[{"start":{"line":18,"column":4},"end":{"line":20,"column":5}},{"start":{},"end":{}}],"line":18}},"s":{"0":3,"1":3,"2":5,"3":5,"4":5,"5":2,"6":2,"7":2,"8":1,"9":3},"f":{"0":5,"1":2,"2":2},"b":{"0":[5],"1":[1,1]},"_coverageSchema":"1a1c01bbd47fc00a2c39e90264f33305004495a9","hash":"2936f0349e10051665d48cfb932a07eca2be8c68"}
,"/home/achmad/Documents/Dicodings Project/Back-End Dev/Menjadi Back-End Developer Expert dengan Javascript/forum-api-starter-project/src/Infrastructures/security/JwtTokenManager.js": {"path":"/home/achmad/Documents/Dicodings Project/Back-End Dev/Menjadi Back-End Developer Expert dengan Javascript/forum-api-starter-project/src/Infrastructures/security/JwtTokenManager.js","statementMap":{"0":{"start":{"line":1,"column":35},"end":{"line":1,"column":100}},"1":{"start":{"line":2,"column":23},"end":{"line":2,"column":73}},"2":{"start":{"line":6,"column":4},"end":{"line":6,"column":12}},"3":{"start":{"line":7,"column":4},"end":{"line":7,"column":20}},"4":{"start":{"line":11,"column":4},"end":{"line":11,"column":69}},"5":{"start":{"line":15,"column":4},"end":{"line":15,"column":70}},"6":{"start":{"line":19,"column":4},"end":{"line":24,"column":5}},"7":{"start":{"line":20,"column":24},"end":{"line":20,"column":47}},"8":{"start":{"line":21,"column":6},"end":{"line":21,"column":65}},"9":{"start":{"line":23,"column":6},"end":{"line":23,"column":60}},"10":{"start":{"line":28,"column":22},"end":{"line":28,"column":45}},"11":{"start":{"line":29,"column":4},"end":{"line":29,"column":37}},"12":{"start":{"line":33,"column":0},"end":{"line":33,"column":33}}},"fnMap":{"0":{"name":"(anonymous_0)","decl":{"start":{"line":5,"column":2},"end":{"line":5,"column":3}},"loc":{"start":{"line":5,"column":19},"end":{"line":8,"column":3}},"line":5},"1":{"name":"(anonymous_1)","decl":{"start":{"line":10,"column":2},"end":{"line":10,"column":3}},"loc":{"start":{"line":10,"column":35},"end":{"line":12,"column":3}},"line":10},"2":{"name":"(anonymous_2)","decl":{"start":{"line":14,"column":2},"end":{"line":14,"column":3}},"loc":{"start":{"line":14,"column":36},"end":{"line":16,"column":3}},"line":14},"3":{"name":"(anonymous_3)","decl":{"start":{"line":18,"column":2},"end":{"line":18,"column":3}},"loc":{"start":{"line":18,"column":34},"end":{"line":25,"column":3}},"line":18},"4":{"name":"(anonymous_4)","decl":{"start":{"line":27,"column":2},"end":{"line":27,"column":3}},"loc":{"start":{"line":27,"column":29},"end":{"line":30,"column":3}},"line":27}},"branchMap":{},"s":{"0":3,"1":3,"2":6,"3":6,"4":3,"5":3,"6":4,"7":4,"8":3,"9":2,"10":1,"11":1,"12":3},"f":{"0":6,"1":3,"2":3,"3":4,"4":1},"b":{},"_coverageSchema":"1a1c01bbd47fc00a2c39e90264f33305004495a9","hash":"c9efc1d63e096be24dac6c8b932c3a5beca2753f"}
,"/home/achmad/Documents/Dicodings Project/Back-End Dev/Menjadi Back-End Developer Expert dengan Javascript/forum-api-starter-project/src/Interfaces/http/api/authentications/handler.js": {"path":"/home/achmad/Documents/Dicodings Project/Back-End Dev/Menjadi Back-End Developer Expert dengan Javascript/forum-api-starter-project/src/Interfaces/http/api/authentications/handler.js","statementMap":{"0":{"start":{"line":1,"column":25},"end":{"line":1,"column":86}},"1":{"start":{"line":2,"column":37},"end":{"line":2,"column":110}},"2":{"start":{"line":3,"column":26},"end":{"line":3,"column":88}},"3":{"start":{"line":7,"column":4},"end":{"line":7,"column":32}},"4":{"start":{"line":9,"column":4},"end":{"line":9,"column":79}},"5":{"start":{"line":10,"column":4},"end":{"line":10,"column":77}},"6":{"start":{"line":11,"column":4},"end":{"line":11,"column":83}},"7":{"start":{"line":15,"column":29},"end":{"line":15,"column":79}},"8":{"start":{"line":16,"column":42},"end":{"line":16,"column":89}},"9":{"start":{"line":17,"column":21},"end":{"line":23,"column":6}},"10":{"start":{"line":24,"column":4},"end":{"line":24,"column":23}},"11":{"start":{"line":25,"column":4},"end":{"line":25,"column":20}},"12":{"start":{"line":29,"column":41},"end":{"line":30,"column":53}},"13":{"start":{"line":31,"column":24},"end":{"line":31,"column":83}},"14":{"start":{"line":33,"column":4},"end":{"line":38,"column":6}},"15":{"start":{"line":42,"column":30},"end":{"line":42,"column":81}},"16":{"start":{"line":43,"column":4},"end":{"line":43,"column":53}},"17":{"start":{"line":44,"column":4},"end":{"line":46,"column":6}},"18":{"start":{"line":50,"column":0},"end":{"line":50,"column":40}}},"fnMap":{"0":{"name":"(anonymous_0)","decl":{"start":{"line":6,"column":2},"end":{"line":6,"column":3}},"loc":{"start":{"line":6,"column":25},"end":{"line":12,"column":3}},"line":6},"1":{"name":"(anonymous_1)","decl":{"start":{"line":14,"column":2},"end":{"line":14,"column":3}},"loc":{"start":{"line":14,"column":46},"end":{"line":26,"column":3}},"line":14},"2":{"name":"(anonymous_2)","decl":{"start":{"line":28,"column":2},"end":{"line":28,"column":3}},"loc":{"start":{"line":28,"column":42},"end":{"line":39,"column":3}},"line":28},"3":{"name":"(anonymous_3)","decl":{"start":{"line":41,"column":2},"end":{"line":41,"column":3}},"loc":{"start":{"line":41,"column":45},"end":{"line":47,"column":3}},"line":41}},"branchMap":{},"s":{"0":3,"1":3,"2":3,"3":21,"4":21,"5":21,"6":21,"7":6,"8":6,"9":0,"10":0,"11":0,"12":4,"13":4,"14":0,"15":3,"16":3,"17":0,"18":3},"f":{"0":21,"1":6,"2":4,"3":3},"b":{},"_coverageSchema":"1a1c01bbd47fc00a2c39e90264f33305004495a9","hash":"db5bff716d6a7d3f0c5a27ac97cdbd77371677e1"}
,"/home/achmad/Documents/Dicodings Project/Back-End Dev/Menjadi Back-End Developer Expert dengan Javascript/forum-api-starter-project/src/Interfaces/http/api/authentications/index.js": {"path":"/home/achmad/Documents/Dicodings Project/Back-End Dev/Menjadi Back-End Developer Expert dengan Javascript/forum-api-starter-project/src/Interfaces/http/api/authentications/index.js","statementMap":{"0":{"start":{"line":1,"column":15},"end":{"line":1,"column":34}},"1":{"start":{"line":2,"column":31},"end":{"line":2,"column":51}},"2":{"start":{"line":4,"column":0},"end":{"line":10,"column":2}},"3":{"start":{"line":7,"column":35},"end":{"line":7,"column":72}},"4":{"start":{"line":8,"column":4},"end":{"line":8,"column":49}}},"fnMap":{"0":{"name":"(anonymous_0)","decl":{"start":{"line":6,"column":12},"end":{"line":6,"column":13}},"loc":{"start":{"line":6,"column":45},"end":{"line":9,"column":3}},"line":6}},"branchMap":{},"s":{"0":3,"1":3,"2":3,"3":21,"4":21},"f":{"0":21},"b":{},"_coverageSchema":"1a1c01bbd47fc00a2c39e90264f33305004495a9","hash":"c18816ac8d641e1d624922decf4c965dd7f8f32e"}
,"/home/achmad/Documents/Dicodings Project/Back-End Dev/Menjadi Back-End Developer Expert dengan Javascript/forum-api-starter-project/src/Interfaces/http/api/authentications/routes.js": {"path":"/home/achmad/Documents/Dicodings Project/Back-End Dev/Menjadi Back-End Developer Expert dengan Javascript/forum-api-starter-project/src/Interfaces/http/api/authentications/routes.js","statementMap":{"0":{"start":{"line":1,"column":15},"end":{"line":17,"column":2}},"1":{"start":{"line":1,"column":29},"end":{"line":17,"column":1}},"2":{"start":{"line":19,"column":0},"end":{"line":19,"column":24}}},"fnMap":{"0":{"name":"(anonymous_0)","decl":{"start":{"line":1,"column":15},"end":{"line":1,"column":16}},"loc":{"start":{"line":1,"column":29},"end":{"line":17,"column":1}},"line":1}},"branchMap":{},"s":{"0":3,"1":21,"2":3},"f":{"0":21},"b":{},"_coverageSchema":"1a1c01bbd47fc00a2c39e90264f33305004495a9","hash":"43b9b12e928a9739d785fc96dcf1dd912f779f4b"}
,"/home/achmad/Documents/Dicodings Project/Back-End Dev/Menjadi Back-End Developer Expert dengan Javascript/forum-api-starter-project/src/Interfaces/http/api/threads/handler.js": {"path":"/home/achmad/Documents/Dicodings Project/Back-End Dev/Menjadi Back-End Developer Expert dengan Javascript/forum-api-starter-project/src/Interfaces/http/api/threads/handler.js","statementMap":{"0":{"start":{"line":1,"column":25},"end":{"line":1,"column":86}},"1":{"start":{"line":6,"column":2},"end":{"line":6,"column":30}},"2":{"start":{"line":7,"column":2},"end":{"line":7,"column":61}},"3":{"start":{"line":12,"column":24},"end":{"line":12,"column":48}},"4":{"start":{"line":13,"column":26},"end":{"line":13,"column":41}},"5":{"start":{"line":14,"column":27},"end":{"line":14,"column":77}},"6":{"start":{"line":15,"column":20},"end":{"line":15,"column":74}},"7":{"start":{"line":17,"column":19},"end":{"line":22,"column":4}},"8":{"start":{"line":23,"column":2},"end":{"line":23,"column":21}},"9":{"start":{"line":24,"column":2},"end":{"line":24,"column":18}},"10":{"start":{"line":45,"column":0},"end":{"line":45,"column":32}}},"fnMap":{"0":{"name":"(anonymous_0)","decl":{"start":{"line":5,"column":1},"end":{"line":5,"column":2}},"loc":{"start":{"line":5,"column":24},"end":{"line":9,"column":2}},"line":5},"1":{"name":"(anonymous_1)","decl":{"start":{"line":11,"column":1},"end":{"line":11,"column":2}},"loc":{"start":{"line":11,"column":37},"end":{"line":25,"column":2}},"line":11}},"branchMap":{},"s":{"0":3,"1":21,"2":21,"3":0,"4":0,"5":0,"6":0,"7":0,"8":0,"9":0,"10":3},"f":{"0":21,"1":0},"b":{},"_coverageSchema":"1a1c01bbd47fc00a2c39e90264f33305004495a9","hash":"121d931b212f433356a11f041b98b1879d9aed68"}
,"/home/achmad/Documents/Dicodings Project/Back-End Dev/Menjadi Back-End Developer Expert dengan Javascript/forum-api-starter-project/src/Interfaces/http/api/threads/index.js": {"path":"/home/achmad/Documents/Dicodings Project/Back-End Dev/Menjadi Back-End Developer Expert dengan Javascript/forum-api-starter-project/src/Interfaces/http/api/threads/index.js","statementMap":{"0":{"start":{"line":1,"column":23},"end":{"line":1,"column":43}},"1":{"start":{"line":2,"column":15},"end":{"line":2,"column":34}},"2":{"start":{"line":4,"column":0},"end":{"line":10,"column":2}},"3":{"start":{"line":7,"column":25},"end":{"line":7,"column":54}},"4":{"start":{"line":8,"column":2},"end":{"line":8,"column":39}}},"fnMap":{"0":{"name":"(anonymous_0)","decl":{"start":{"line":6,"column":11},"end":{"line":6,"column":12}},"loc":{"start":{"line":6,"column":44},"end":{"line":9,"column":2}},"line":6}},"branchMap":{},"s":{"0":3,"1":3,"2":3,"3":21,"4":21},"f":{"0":21},"b":{},"_coverageSchema":"1a1c01bbd47fc00a2c39e90264f33305004495a9","hash":"0ca18daf05a7692cccafe102c989da13597fdfb8"}
,"/home/achmad/Documents/Dicodings Project/Back-End Dev/Menjadi Back-End Developer Expert dengan Javascript/forum-api-starter-project/src/Interfaces/http/api/threads/routes.js": {"path":"/home/achmad/Documents/Dicodings Project/Back-End Dev/Menjadi Back-End Developer Expert dengan Javascript/forum-api-starter-project/src/Interfaces/http/api/threads/routes.js","statementMap":{"0":{"start":{"line":1,"column":15},"end":{"line":15,"column":1}},"1":{"start":{"line":1,"column":28},"end":{"line":15,"column":1}},"2":{"start":{"line":17,"column":0},"end":{"line":17,"column":24}}},"fnMap":{"0":{"name":"(anonymous_0)","decl":{"start":{"line":1,"column":15},"end":{"line":1,"column":16}},"loc":{"start":{"line":1,"column":28},"end":{"line":15,"column":1}},"line":1}},"branchMap":{},"s":{"0":3,"1":21,"2":3},"f":{"0":21},"b":{},"_coverageSchema":"1a1c01bbd47fc00a2c39e90264f33305004495a9","hash":"4906dae1ddeebbdc54339fda204978b47e69295b"}
,"/home/achmad/Documents/Dicodings Project/Back-End Dev/Menjadi Back-End Developer Expert dengan Javascript/forum-api-starter-project/src/Interfaces/http/api/users/handler.js": {"path":"/home/achmad/Documents/Dicodings Project/Back-End Dev/Menjadi Back-End Developer Expert dengan Javascript/forum-api-starter-project/src/Interfaces/http/api/users/handler.js","statementMap":{"0":{"start":{"line":1,"column":23},"end":{"line":1,"column":82}},"1":{"start":{"line":5,"column":4},"end":{"line":5,"column":32}},"2":{"start":{"line":7,"column":4},"end":{"line":7,"column":59}},"3":{"start":{"line":11,"column":27},"end":{"line":11,"column":75}},"4":{"start":{"line":12,"column":22},"end":{"line":12,"column":67}},"5":{"start":{"line":14,"column":21},"end":{"line":19,"column":6}},"6":{"start":{"line":20,"column":4},"end":{"line":20,"column":23}},"7":{"start":{"line":21,"column":4},"end":{"line":21,"column":20}},"8":{"start":{"line":25,"column":0},"end":{"line":25,"column":30}}},"fnMap":{"0":{"name":"(anonymous_0)","decl":{"start":{"line":4,"column":2},"end":{"line":4,"column":3}},"loc":{"start":{"line":4,"column":25},"end":{"line":8,"column":3}},"line":4},"1":{"name":"(anonymous_1)","decl":{"start":{"line":10,"column":2},"end":{"line":10,"column":3}},"loc":{"start":{"line":10,"column":36},"end":{"line":22,"column":3}},"line":10}},"branchMap":{},"s":{"0":3,"1":21,"2":21,"3":9,"4":8,"5":0,"6":0,"7":0,"8":3},"f":{"0":21,"1":9},"b":{},"_coverageSchema":"1a1c01bbd47fc00a2c39e90264f33305004495a9","hash":"65a88a1a8abaf049a611c7f0349b2eb77be0da43"}
,"/home/achmad/Documents/Dicodings Project/Back-End Dev/Menjadi Back-End Developer Expert dengan Javascript/forum-api-starter-project/src/Interfaces/http/api/users/index.js": {"path":"/home/achmad/Documents/Dicodings Project/Back-End Dev/Menjadi Back-End Developer Expert dengan Javascript/forum-api-starter-project/src/Interfaces/http/api/users/index.js","statementMap":{"0":{"start":{"line":1,"column":21},"end":{"line":1,"column":41}},"1":{"start":{"line":2,"column":15},"end":{"line":2,"column":34}},"2":{"start":{"line":4,"column":0},"end":{"line":10,"column":2}},"3":{"start":{"line":7,"column":25},"end":{"line":7,"column":52}},"4":{"start":{"line":8,"column":4},"end":{"line":8,"column":39}}},"fnMap":{"0":{"name":"(anonymous_0)","decl":{"start":{"line":6,"column":12},"end":{"line":6,"column":13}},"loc":{"start":{"line":6,"column":45},"end":{"line":9,"column":3}},"line":6}},"branchMap":{},"s":{"0":3,"1":3,"2":3,"3":21,"4":21},"f":{"0":21},"b":{},"_coverageSchema":"1a1c01bbd47fc00a2c39e90264f33305004495a9","hash":"ddf2f8019f7ab12f4229066358231d1af7f80039"}
,"/home/achmad/Documents/Dicodings Project/Back-End Dev/Menjadi Back-End Developer Expert dengan Javascript/forum-api-starter-project/src/Interfaces/http/api/users/routes.js": {"path":"/home/achmad/Documents/Dicodings Project/Back-End Dev/Menjadi Back-End Developer Expert dengan Javascript/forum-api-starter-project/src/Interfaces/http/api/users/routes.js","statementMap":{"0":{"start":{"line":1,"column":15},"end":{"line":7,"column":2}},"1":{"start":{"line":1,"column":29},"end":{"line":7,"column":1}},"2":{"start":{"line":9,"column":0},"end":{"line":9,"column":24}}},"fnMap":{"0":{"name":"(anonymous_0)","decl":{"start":{"line":1,"column":15},"end":{"line":1,"column":16}},"loc":{"start":{"line":1,"column":29},"end":{"line":7,"column":1}},"line":1}},"branchMap":{},"s":{"0":3,"1":21,"2":3},"f":{"0":21},"b":{},"_coverageSchema":"1a1c01bbd47fc00a2c39e90264f33305004495a9","hash":"b66adba01f6a0990d243a19ddeb1b5f1fd7d7c17"}
}
